Aug 27, 2015 4:01:42 PM org.apache.catalina.core.AprLifecycleListener init
INFO: The APR based Apache Tomcat Native library which allows optimal performance in production environments was not found on the java.library.path: C:\Program Files\Java\jre7\bin;C:\Windows\Sun\Java\bin;C:\Windows\system32;C:\Windows;C:\Program Files\Java\jre7\bin;C:\Windows\SYSTEM32;C:\Windows;C:\Windows\SYSTEM32\WBEM;C:\Windows\SYSTEM32\WINDOWSPOWERSHELL\V1.0\;c:\Program Files\Intel\WiFi\bin\;c:\Program Files\Common Files\Intel\WirelessCommon\;C:\Program Files (x86)\Intel\OpenCL SDK\2.0\bin\x86;C:\Program Files (x86)\Intel\OpenCL SDK\2.0\bin\x64;C:\Program Files\TortoiseSVN\bin;D:\tomcat-7.0.34;C:\Program Files\Intel\WiFi\bin\;C:\Program Files\Common Files\Intel\WirelessCommon\;.
Aug 27, 2015 4:01:43 PM org.apache.coyote.AbstractProtocol init
INFO: Initializing ProtocolHandler ["http-bio-80"]
Aug 27, 2015 4:01:43 PM org.apache.coyote.AbstractProtocol init
INFO: Initializing ProtocolHandler ["ajp-bio-8009"]
Aug 27, 2015 4:01:43 PM org.apache.catalina.startup.Catalina load
INFO: Initialization processed in 1600 ms
Aug 27, 2015 4:01:43 PM org.apache.catalina.core.StandardService startInternal
INFO: Starting service Catalina
Aug 27, 2015 4:01:43 PM org.apache.catalina.core.StandardEngine startInternal
INFO: Starting Servlet Engine: Apache Tomcat/7.0.34
Aug 27, 2015 4:01:43 PM org.apache.catalina.startup.HostConfig deployDirectory
INFO: Deploying web application directory D:\tomcat-7.0.34\webapps\docs
Aug 27, 2015 4:01:44 PM org.apache.catalina.util.SessionIdGenerator createSecureRandom
INFO: Creation of SecureRandom instance for session ID generation using [SHA1PRNG] took [370] milliseconds.
Aug 27, 2015 4:01:44 PM org.apache.catalina.startup.HostConfig deployDirectory
INFO: Deploying web application directory D:\tomcat-7.0.34\webapps\examples
Aug 27, 2015 4:01:44 PM org.apache.catalina.startup.HostConfig deployDirectory
INFO: Deploying web application directory D:\tomcat-7.0.34\webapps\host-manager
Aug 27, 2015 4:01:44 PM org.apache.catalina.startup.HostConfig deployDirectory
INFO: Deploying web application directory D:\tomcat-7.0.34\webapps\manager
Aug 27, 2015 4:01:44 PM org.apache.catalina.startup.HostConfig deployDirectory
INFO: Deploying web application directory D:\tomcat-7.0.34\webapps\ROOT
Aug 27, 2015 4:01:44 PM org.apache.coyote.AbstractProtocol start
INFO: Starting ProtocolHandler ["http-bio-80"]
Aug 27, 2015 4:01:44 PM org.apache.coyote.AbstractProtocol start
INFO: Starting ProtocolHandler ["ajp-bio-8009"]
Aug 27, 2015 4:01:44 PM org.apache.catalina.startup.Catalina start
INFO: Server startup in 1244 ms
Aug 27, 2015 4:02:07 PM org.apache.catalina.core.StandardServer await
INFO: A valid shutdown command was received via the shutdown port. Stopping the Server instance.
Aug 27, 2015 4:02:07 PM org.apache.coyote.AbstractProtocol pause
INFO: Pausing ProtocolHandler ["http-bio-80"]
Aug 27, 2015 4:02:07 PM org.apache.coyote.AbstractProtocol pause
INFO: Pausing ProtocolHandler ["ajp-bio-8009"]
Aug 27, 2015 4:02:07 PM org.apache.catalina.core.StandardService stopInternal
INFO: Stopping service Catalina
Aug 27, 2015 4:02:07 PM org.apache.coyote.AbstractProtocol stop
INFO: Stopping ProtocolHandler ["http-bio-80"]
Aug 27, 2015 4:02:07 PM org.apache.coyote.AbstractProtocol stop
INFO: Stopping ProtocolHandler ["ajp-bio-8009"]
Aug 27, 2015 4:02:07 PM org.apache.coyote.AbstractProtocol destroy
INFO: Destroying ProtocolHandler ["http-bio-80"]
Aug 27, 2015 4:02:07 PM org.apache.coyote.AbstractProtocol destroy
INFO: Destroying ProtocolHandler ["ajp-bio-8009"]
Aug 27, 2015 4:20:33 PM org.apache.catalina.core.AprLifecycleListener init
INFO: The APR based Apache Tomcat Native library which allows optimal performance in production environments was not found on the java.library.path: C:\Program Files\Java\jre7\bin;C:\Windows\Sun\Java\bin;C:\Windows\system32;C:\Windows;C:\Program Files\Java\jre7\bin;C:\Windows\SYSTEM32;C:\Windows;C:\Windows\SYSTEM32\WBEM;C:\Windows\SYSTEM32\WINDOWSPOWERSHELL\V1.0\;c:\Program Files\Intel\WiFi\bin\;c:\Program Files\Common Files\Intel\WirelessCommon\;C:\Program Files (x86)\Intel\OpenCL SDK\2.0\bin\x86;C:\Program Files (x86)\Intel\OpenCL SDK\2.0\bin\x64;C:\Program Files\TortoiseSVN\bin;D:\tomcat-7.0.34;C:\Program Files\Intel\WiFi\bin\;C:\Program Files\Common Files\Intel\WirelessCommon\;.
Aug 27, 2015 4:20:33 PM org.apache.coyote.AbstractProtocol init
INFO: Initializing ProtocolHandler ["http-bio-80"]
Aug 27, 2015 4:20:33 PM org.apache.coyote.AbstractProtocol init
INFO: Initializing ProtocolHandler ["ajp-bio-8009"]
Aug 27, 2015 4:20:33 PM org.apache.catalina.startup.Catalina load
INFO: Initialization processed in 618 ms
Aug 27, 2015 4:20:33 PM org.apache.catalina.core.StandardService startInternal
INFO: Starting service Catalina
Aug 27, 2015 4:20:33 PM org.apache.catalina.core.StandardEngine startInternal
INFO: Starting Servlet Engine: Apache Tomcat/7.0.34
Aug 27, 2015 4:20:33 PM org.apache.catalina.startup.HostConfig deployDirectory
INFO: Deploying web application directory D:\tomcat-7.0.34\webapps\docs
Aug 27, 2015 4:20:34 PM org.apache.catalina.util.SessionIdGenerator createSecureRandom
INFO: Creation of SecureRandom instance for session ID generation using [SHA1PRNG] took [456] milliseconds.
Aug 27, 2015 4:20:34 PM org.apache.catalina.startup.HostConfig deployDirectory
INFO: Deploying web application directory D:\tomcat-7.0.34\webapps\examples
Aug 27, 2015 4:20:34 PM org.apache.catalina.startup.HostConfig deployDirectory
INFO: Deploying web application directory D:\tomcat-7.0.34\webapps\host-manager
Aug 27, 2015 4:20:34 PM org.apache.catalina.startup.HostConfig deployDirectory
INFO: Deploying web application directory D:\tomcat-7.0.34\webapps\manager
Aug 27, 2015 4:20:34 PM org.apache.catalina.startup.HostConfig deployDirectory
INFO: Deploying web application directory D:\tomcat-7.0.34\webapps\ROOT
Aug 27, 2015 4:20:34 PM org.apache.coyote.AbstractProtocol start
INFO: Starting ProtocolHandler ["http-bio-80"]
Aug 27, 2015 4:20:34 PM org.apache.coyote.AbstractProtocol start
INFO: Starting ProtocolHandler ["ajp-bio-8009"]
Aug 27, 2015 4:20:34 PM org.apache.catalina.startup.Catalina start
INFO: Server startup in 1417 ms
Aug 27, 2015 4:23:03 PM org.apache.catalina.core.StandardServer await
INFO: A valid shutdown command was received via the shutdown port. Stopping the Server instance.
Aug 27, 2015 4:23:03 PM org.apache.coyote.AbstractProtocol pause
INFO: Pausing ProtocolHandler ["http-bio-80"]
Aug 27, 2015 4:23:03 PM org.apache.coyote.AbstractProtocol pause
INFO: Pausing ProtocolHandler ["ajp-bio-8009"]
Aug 27, 2015 4:23:03 PM org.apache.catalina.core.StandardService stopInternal
INFO: Stopping service Catalina
Aug 27, 2015 4:23:03 PM org.apache.coyote.AbstractProtocol stop
INFO: Stopping ProtocolHandler ["http-bio-80"]
Aug 27, 2015 4:23:03 PM org.apache.coyote.AbstractProtocol stop
INFO: Stopping ProtocolHandler ["ajp-bio-8009"]
Aug 27, 2015 4:23:03 PM org.apache.coyote.AbstractProtocol destroy
INFO: Destroying ProtocolHandler ["http-bio-80"]
Aug 27, 2015 4:23:03 PM org.apache.coyote.AbstractProtocol destroy
INFO: Destroying ProtocolHandler ["ajp-bio-8009"]
Aug 27, 2015 4:38:09 PM org.apache.catalina.core.AprLifecycleListener init
INFO: The APR based Apache Tomcat Native library which allows optimal performance in production environments was not found on the java.library.path: C:\Program Files\Java\jre7\bin;C:\Windows\Sun\Java\bin;C:\Windows\system32;C:\Windows;C:\Program Files\Java\jre7\bin;C:\Windows\SYSTEM32;C:\Windows;C:\Windows\SYSTEM32\WBEM;C:\Windows\SYSTEM32\WINDOWSPOWERSHELL\V1.0\;c:\Program Files\Intel\WiFi\bin\;c:\Program Files\Common Files\Intel\WirelessCommon\;C:\Program Files (x86)\Intel\OpenCL SDK\2.0\bin\x86;C:\Program Files (x86)\Intel\OpenCL SDK\2.0\bin\x64;C:\Program Files\TortoiseSVN\bin;D:\tomcat-7.0.34;C:\Program Files\Intel\WiFi\bin\;C:\Program Files\Common Files\Intel\WirelessCommon\;.
Aug 27, 2015 4:38:09 PM org.apache.coyote.AbstractProtocol init
INFO: Initializing ProtocolHandler ["http-bio-80"]
Aug 27, 2015 4:38:09 PM org.apache.coyote.AbstractProtocol init
INFO: Initializing ProtocolHandler ["ajp-bio-8009"]
Aug 27, 2015 4:38:09 PM org.apache.catalina.startup.Catalina load
INFO: Initialization processed in 650 ms
Aug 27, 2015 4:38:09 PM org.apache.catalina.core.StandardService startInternal
INFO: Starting service Catalina
Aug 27, 2015 4:38:09 PM org.apache.catalina.core.StandardEngine startInternal
INFO: Starting Servlet Engine: Apache Tomcat/7.0.34
Aug 27, 2015 4:38:09 PM org.apache.catalina.startup.HostConfig deployDirectory
INFO: Deploying web application directory D:\tomcat-7.0.34\webapps\docs
Aug 27, 2015 4:38:10 PM org.apache.catalina.util.SessionIdGenerator createSecureRandom
INFO: Creation of SecureRandom instance for session ID generation using [SHA1PRNG] took [326] milliseconds.
Aug 27, 2015 4:38:10 PM org.apache.catalina.startup.HostConfig deployDirectory
INFO: Deploying web application directory D:\tomcat-7.0.34\webapps\examples
Aug 27, 2015 4:38:10 PM org.apache.catalina.startup.HostConfig deployDirectory
INFO: Deploying web application directory D:\tomcat-7.0.34\webapps\host-manager
Aug 27, 2015 4:38:10 PM org.apache.catalina.startup.HostConfig deployDirectory
INFO: Deploying web application directory D:\tomcat-7.0.34\webapps\manager
Aug 27, 2015 4:38:10 PM org.apache.catalina.startup.HostConfig deployDirectory
INFO: Deploying web application directory D:\tomcat-7.0.34\webapps\ROOT
Aug 27, 2015 4:38:10 PM org.apache.coyote.AbstractProtocol start
INFO: Starting ProtocolHandler ["http-bio-80"]
Aug 27, 2015 4:38:10 PM org.apache.coyote.AbstractProtocol start
INFO: Starting ProtocolHandler ["ajp-bio-8009"]
Aug 27, 2015 4:38:10 PM org.apache.catalina.startup.Catalina start
INFO: Server startup in 1019 ms
Aug 27, 2015 4:38:48 PM org.apache.catalina.core.StandardServer await
INFO: A valid shutdown command was received via the shutdown port. Stopping the Server instance.
Aug 27, 2015 4:38:48 PM org.apache.coyote.AbstractProtocol pause
INFO: Pausing ProtocolHandler ["http-bio-80"]
Aug 27, 2015 4:38:48 PM org.apache.coyote.AbstractProtocol pause
INFO: Pausing ProtocolHandler ["ajp-bio-8009"]
Aug 27, 2015 4:38:48 PM org.apache.catalina.core.StandardService stopInternal
INFO: Stopping service Catalina
Aug 27, 2015 4:38:48 PM org.apache.coyote.AbstractProtocol stop
INFO: Stopping ProtocolHandler ["http-bio-80"]
Aug 27, 2015 4:38:48 PM org.apache.coyote.AbstractProtocol stop
INFO: Stopping ProtocolHandler ["ajp-bio-8009"]
Aug 27, 2015 4:38:48 PM org.apache.coyote.AbstractProtocol destroy
INFO: Destroying ProtocolHandler ["http-bio-80"]
Aug 27, 2015 4:38:48 PM org.apache.coyote.AbstractProtocol destroy
INFO: Destroying ProtocolHandler ["ajp-bio-8009"]
